2026-02-09 23:41:58.058 [background-preinit] INFO  o.h.validator.internal.util.Version - HV000001: Hibernate Validator 8.0.1.Final
2026-02-09 23:41:58.105 [main] INFO  com.svalero.rutea.RuteaApplication - Starting RuteaApplication using Java 23 with PID 21356 (C:\Proyects\rutea\target\classes started by borzg in C:\Proyects\rutea)
2026-02-09 23:41:58.105 [main] DEBUG com.svalero.rutea.RuteaApplication - Running with Spring Boot v3.3.3, Spring v6.1.12
2026-02-09 23:41:58.106 [main] INFO  com.svalero.rutea.RuteaApplication - No active profile set, falling back to 1 default profile: "default"
2026-02-09 23:41:58.899 [main] INFO  o.s.d.r.c.RepositoryConfigurationDelegate - Bootstrapping Spring Data JPA repositories in DEFAULT mode.
2026-02-09 23:41:58.957 [main] INFO  o.s.d.r.c.RepositoryConfigurationDelegate - Finished Spring Data repository scanning in 49 ms. Found 5 JPA repository interfaces.
2026-02-09 23:41:59.431 [main] INFO  o.s.b.w.e.tomcat.TomcatWebServer - Tomcat initialized with port 8080 (http)
2026-02-09 23:41:59.441 [main] INFO  o.a.coyote.http11.Http11NioProtocol - Initializing ProtocolHandler ["http-nio-8080"]
2026-02-09 23:41:59.445 [main] INFO  o.a.catalina.core.StandardService - Starting service [Tomcat]
2026-02-09 23:41:59.446 [main] INFO  o.a.catalina.core.StandardEngine - Starting Servlet engine: [Apache Tomcat/10.1.28]
2026-02-09 23:41:59.501 [main] INFO  o.a.c.c.C.[Tomcat].[localhost].[/] - Initializing Spring embedded WebApplicationContext
2026-02-09 23:41:59.501 [main] INFO  o.s.b.w.s.c.ServletWebServerApplicationContext - Root WebApplicationContext: initialization completed in 1342 ms
2026-02-09 23:41:59.767 [main] INFO  o.h.jpa.internal.util.LogHelper - HHH000204: Processing PersistenceUnitInfo [name: default]
2026-02-09 23:41:59.854 [main] INFO  org.hibernate.Version - HHH000412: Hibernate ORM core version 6.5.2.Final
2026-02-09 23:41:59.907 [main] INFO  o.h.c.i.RegionFactoryInitiator - HHH000026: Second-level cache disabled
2026-02-09 23:42:00.257 [main] INFO  o.s.o.j.p.SpringPersistenceUnitInfo - No LoadTimeWeaver setup: ignoring JPA class transformer
2026-02-09 23:42:00.295 [main] INFO  com.zaxxer.hikari.HikariDataSource - HikariPool-1 - Starting...
2026-02-09 23:42:01.381 [main] WARN  o.h.e.j.e.i.JdbcEnvironmentInitiator - HHH000342: Could not obtain connection to query metadata
java.lang.NullPointerException: Cannot invoke "org.hibernate.engine.jdbc.spi.SqlExceptionHelper.convert(java.sql.SQLException, String)" because the return value of "org.hibernate.resource.transaction.backend.jdbc.internal.JdbcIsolationDelegate.sqlExceptionHelper()" is null
	at org.hibernate.resource.transaction.backend.jdbc.internal.JdbcIsolationDelegate.delegateWork(JdbcIsolationDelegate.java:116)
	at org.hibernate.engine.jdbc.env.internal.JdbcEnvironmentInitiator.getJdbcEnvironmentUsingJdbcMetadata(JdbcEnvironmentInitiator.java:290)
	at org.hibernate.engine.jdbc.env.internal.JdbcEnvironmentInitiator.initiateService(JdbcEnvironmentInitiator.java:123)
	at org.hibernate.engine.jdbc.env.internal.JdbcEnvironmentInitiator.initiateService(JdbcEnvironmentInitiator.java:77)
	at org.hibernate.boot.registry.internal.StandardServiceRegistryImpl.initiateService(StandardServiceRegistryImpl.java:130)
	at org.hibernate.service.internal.AbstractServiceRegistryImpl.createService(AbstractServiceRegistryImpl.java:263)
	at org.hibernate.service.internal.AbstractServiceRegistryImpl.initializeService(AbstractServiceRegistryImpl.java:238)
	at org.hibernate.service.internal.AbstractServiceRegistryImpl.getService(AbstractServiceRegistryImpl.java:215)
	at org.hibernate.boot.model.relational.Database.<init>(Database.java:45)
	at org.hibernate.boot.internal.InFlightMetadataCollectorImpl.getDatabase(InFlightMetadataCollectorImpl.java:221)
	at org.hibernate.boot.internal.InFlightMetadataCollectorImpl.<init>(InFlightMetadataCollectorImpl.java:189)
	at org.hibernate.boot.model.process.spi.MetadataBuildingProcess.complete(MetadataBuildingProcess.java:171)
	at org.hibernate.jpa.boot.internal.EntityManagerFactoryBuilderImpl.metadata(EntityManagerFactoryBuilderImpl.java:1431)
	at org.hibernate.jpa.boot.internal.EntityManagerFactoryBuilderImpl.build(EntityManagerFactoryBuilderImpl.java:1502)
	at org.springframework.orm.jpa.vendor.SpringHibernateJpaPersistenceProvider.createContainerEntityManagerFactory(SpringHibernateJpaPersistenceProvider.java:75)
	at org.springframework.orm.jpa.LocalContainerEntityManagerFactoryBean.createNativeEntityManagerFactory(LocalContainerEntityManagerFactoryBean.java:390)
	at org.springframework.orm.jpa.AbstractEntityManagerFactoryBean.buildNativeEntityManagerFactory(AbstractEntityManagerFactoryBean.java:409)
	at org.springframework.orm.jpa.AbstractEntityManagerFactoryBean.afterPropertiesSet(AbstractEntityManagerFactoryBean.java:396)
	at org.springframework.orm.jpa.LocalContainerEntityManagerFactoryBean.afterPropertiesSet(LocalContainerEntityManagerFactoryBean.java:366)
	at org.springframework.beans.factory.support.AbstractAutowireCapableBeanFactory.invokeInitMethods(AbstractAutowireCapableBeanFactory.java:1853)
	at org.springframework.beans.factory.support.AbstractAutowireCapableBeanFactory.initializeBean(AbstractAutowireCapableBeanFactory.java:1802)
	at org.springframework.beans.factory.support.AbstractAutowireCapableBeanFactory.doCreateBean(AbstractAutowireCapableBeanFactory.java:600)
	at org.springframework.beans.factory.support.AbstractAutowireCapableBeanFactory.createBean(AbstractAutowireCapableBeanFactory.java:522)
	at org.springframework.beans.factory.support.AbstractBeanFactory.lambda$doGetBean$0(AbstractBeanFactory.java:337)
	at org.springframework.beans.factory.support.DefaultSingletonBeanRegistry.getSingleton(DefaultSingletonBeanRegistry.java:234)
	at org.springframework.beans.factory.support.AbstractBeanFactory.doGetBean(AbstractBeanFactory.java:335)
	at org.springframework.beans.factory.support.AbstractBeanFactory.getBean(AbstractBeanFactory.java:205)
	at org.springframework.context.support.AbstractApplicationContext.finishBeanFactoryInitialization(AbstractApplicationContext.java:954)
	at org.springframework.context.support.AbstractApplicationContext.refresh(AbstractApplicationContext.java:625)
	at org.springframework.boot.web.servlet.context.ServletWebServerApplicationContext.refresh(ServletWebServerApplicationContext.java:146)
	at org.springframework.boot.SpringApplication.refresh(SpringApplication.java:754)
	at org.springframework.boot.SpringApplication.refreshContext(SpringApplication.java:456)
	at org.springframework.boot.SpringApplication.run(SpringApplication.java:335)
	at org.springframework.boot.SpringApplication.run(SpringApplication.java:1363)
	at org.springframework.boot.SpringApplication.run(SpringApplication.java:1352)
	at com.svalero.rutea.RuteaApplication.main(RuteaApplication.java:10)
2026-02-09 23:42:01.424 [main] WARN  org.hibernate.orm.deprecation - HHH90000025: MariaDBDialect does not need to be specified explicitly using 'hibernate.dialect' (remove the property setting and it will be selected by default)
2026-02-09 23:42:02.860 [main] INFO  o.h.e.t.j.p.i.JtaPlatformInitiator - HHH000489: No JTA platform available (set 'hibernate.transaction.jta.platform' to enable JTA platform integration)
2026-02-09 23:42:02.896 [main] INFO  com.zaxxer.hikari.HikariDataSource - HikariPool-1 - Starting...
2026-02-09 23:42:03.904 [main] WARN  o.h.e.jdbc.spi.SqlExceptionHelper - SQL Error: 0, SQLState: 08000
2026-02-09 23:42:03.905 [main] ERROR o.h.e.jdbc.spi.SqlExceptionHelper - Socket fail to connect to host:address=(host=localhost)(port=3306)(type=primary). Connection refused: getsockopt
2026-02-09 23:42:03.909 [main] ERROR o.s.o.j.LocalContainerEntityManagerFactoryBean - Failed to initialize JPA EntityManagerFactory: [PersistenceUnit: default] Unable to build Hibernate SessionFactory; nested exception is org.hibernate.exception.JDBCConnectionException: Unable to open JDBC Connection for DDL execution [Socket fail to connect to host:address=(host=localhost)(port=3306)(type=primary). Connection refused: getsockopt] [n/a]
2026-02-09 23:42:03.910 [main] WARN  o.s.b.w.s.c.AnnotationConfigServletWebServerApplicationContext - Exception encountered during context initialization - cancelling refresh attempt: org.springframework.beans.factory.BeanCreationException: Error creating bean with name 'entityManagerFactory' defined in class path resource [org/springframework/boot/autoconfigure/orm/jpa/HibernateJpaConfiguration.class]: [PersistenceUnit: default] Unable to build Hibernate SessionFactory; nested exception is org.hibernate.exception.JDBCConnectionException: Unable to open JDBC Connection for DDL execution [Socket fail to connect to host:address=(host=localhost)(port=3306)(type=primary). Connection refused: getsockopt] [n/a]
2026-02-09 23:42:03.911 [main] INFO  o.a.catalina.core.StandardService - Stopping service [Tomcat]
2026-02-09 23:42:03.923 [main] INFO  o.s.b.a.l.ConditionEvaluationReportLogger - 

Error starting ApplicationContext. To display the condition evaluation report re-run your application with 'debug' enabled.
2026-02-09 23:42:03.945 [main] ERROR o.s.boot.SpringApplication - Application run failed
org.springframework.beans.factory.BeanCreationException: Error creating bean with name 'entityManagerFactory' defined in class path resource [org/springframework/boot/autoconfigure/orm/jpa/HibernateJpaConfiguration.class]: [PersistenceUnit: default] Unable to build Hibernate SessionFactory; nested exception is org.hibernate.exception.JDBCConnectionException: Unable to open JDBC Connection for DDL execution [Socket fail to connect to host:address=(host=localhost)(port=3306)(type=primary). Connection refused: getsockopt] [n/a]
	at org.springframework.beans.factory.support.AbstractAutowireCapableBeanFactory.initializeBean(AbstractAutowireCapableBeanFactory.java:1806)
	at org.springframework.beans.factory.support.AbstractAutowireCapableBeanFactory.doCreateBean(AbstractAutowireCapableBeanFactory.java:600)
	at org.springframework.beans.factory.support.AbstractAutowireCapableBeanFactory.createBean(AbstractAutowireCapableBeanFactory.java:522)
	at org.springframework.beans.factory.support.AbstractBeanFactory.lambda$doGetBean$0(AbstractBeanFactory.java:337)
	at org.springframework.beans.factory.support.DefaultSingletonBeanRegistry.getSingleton(DefaultSingletonBeanRegistry.java:234)
	at org.springframework.beans.factory.support.AbstractBeanFactory.doGetBean(AbstractBeanFactory.java:335)
	at org.springframework.beans.factory.support.AbstractBeanFactory.getBean(AbstractBeanFactory.java:205)
	at org.springframework.context.support.AbstractApplicationContext.finishBeanFactoryInitialization(AbstractApplicationContext.java:954)
	at org.springframework.context.support.AbstractApplicationContext.refresh(AbstractApplicationContext.java:625)
	at org.springframework.boot.web.servlet.context.ServletWebServerApplicationContext.refresh(ServletWebServerApplicationContext.java:146)
	at org.springframework.boot.SpringApplication.refresh(SpringApplication.java:754)
	at org.springframework.boot.SpringApplication.refreshContext(SpringApplication.java:456)
	at org.springframework.boot.SpringApplication.run(SpringApplication.java:335)
	at org.springframework.boot.SpringApplication.run(SpringApplication.java:1363)
	at org.springframework.boot.SpringApplication.run(SpringApplication.java:1352)
	at com.svalero.rutea.RuteaApplication.main(RuteaApplication.java:10)
Caused by: jakarta.persistence.PersistenceException: [PersistenceUnit: default] Unable to build Hibernate SessionFactory; nested exception is org.hibernate.exception.JDBCConnectionException: Unable to open JDBC Connection for DDL execution [Socket fail to connect to host:address=(host=localhost)(port=3306)(type=primary). Connection refused: getsockopt] [n/a]
	at org.springframework.orm.jpa.AbstractEntityManagerFactoryBean.buildNativeEntityManagerFactory(AbstractEntityManagerFactoryBean.java:421)
	at org.springframework.orm.jpa.AbstractEntityManagerFactoryBean.afterPropertiesSet(AbstractEntityManagerFactoryBean.java:396)
	at org.springframework.orm.jpa.LocalContainerEntityManagerFactoryBean.afterPropertiesSet(LocalContainerEntityManagerFactoryBean.java:366)
	at org.springframework.beans.factory.support.AbstractAutowireCapableBeanFactory.invokeInitMethods(AbstractAutowireCapableBeanFactory.java:1853)
	at org.springframework.beans.factory.support.AbstractAutowireCapableBeanFactory.initializeBean(AbstractAutowireCapableBeanFactory.java:1802)
	... 15 common frames omitted
Caused by: org.hibernate.exception.JDBCConnectionException: Unable to open JDBC Connection for DDL execution [Socket fail to connect to host:address=(host=localhost)(port=3306)(type=primary). Connection refused: getsockopt] [n/a]
	at org.hibernate.exception.internal.SQLExceptionTypeDelegate.convert(SQLExceptionTypeDelegate.java:51)
	at org.hibernate.exception.internal.StandardSQLExceptionConverter.convert(StandardSQLExceptionConverter.java:58)
	at org.hibernate.engine.jdbc.spi.SqlExceptionHelper.convert(SqlExceptionHelper.java:108)
	at org.hibernate.engine.jdbc.spi.SqlExceptionHelper.convert(SqlExceptionHelper.java:94)
	at org.hibernate.resource.transaction.backend.jdbc.internal.DdlTransactionIsolatorNonJtaImpl.getIsolatedConnection(DdlTransactionIsolatorNonJtaImpl.java:74)
	at org.hibernate.resource.transaction.backend.jdbc.internal.DdlTransactionIsolatorNonJtaImpl.getIsolatedConnection(DdlTransactionIsolatorNonJtaImpl.java:39)
	at org.hibernate.tool.schema.internal.exec.ImprovedExtractionContextImpl.getJdbcConnection(ImprovedExtractionContextImpl.java:63)
	at org.hibernate.tool.schema.extract.spi.ExtractionContext.getQueryResults(ExtractionContext.java:43)
	at org.hibernate.tool.schema.extract.internal.SequenceInformationExtractorMariaDBDatabaseImpl.extractMetadata(SequenceInformationExtractorMariaDBDatabaseImpl.java:46)
	at org.hibernate.tool.schema.extract.internal.DatabaseInformationImpl.initializeSequences(DatabaseInformationImpl.java:66)
	at org.hibernate.tool.schema.extract.internal.DatabaseInformationImpl.<init>(DatabaseInformationImpl.java:60)
	at org.hibernate.tool.schema.internal.Helper.buildDatabaseInformation(Helper.java:185)
	at org.hibernate.tool.schema.internal.AbstractSchemaMigrator.doMigration(AbstractSchemaMigrator.java:98)
	at org.hibernate.tool.schema.spi.SchemaManagementToolCoordinator.performDatabaseAction(SchemaManagementToolCoordinator.java:280)
	at org.hibernate.tool.schema.spi.SchemaManagementToolCoordinator.lambda$process$5(SchemaManagementToolCoordinator.java:144)
	at java.base/java.util.HashMap.forEach(HashMap.java:1430)
	at org.hibernate.tool.schema.spi.SchemaManagementToolCoordinator.process(SchemaManagementToolCoordinator.java:141)
	at org.hibernate.boot.internal.SessionFactoryObserverForSchemaExport.sessionFactoryCreated(SessionFactoryObserverForSchemaExport.java:37)
	at org.hibernate.internal.SessionFactoryObserverChain.sessionFactoryCreated(SessionFactoryObserverChain.java:35)
	at org.hibernate.internal.SessionFactoryImpl.<init>(SessionFactoryImpl.java:322)
	at org.hibernate.boot.internal.SessionFactoryBuilderImpl.build(SessionFactoryBuilderImpl.java:457)
	at org.hibernate.jpa.boot.internal.EntityManagerFactoryBuilderImpl.build(EntityManagerFactoryBuilderImpl.java:1506)
	at org.springframework.orm.jpa.vendor.SpringHibernateJpaPersistenceProvider.createContainerEntityManagerFactory(SpringHibernateJpaPersistenceProvider.java:75)
	at org.springframework.orm.jpa.LocalContainerEntityManagerFactoryBean.createNativeEntityManagerFactory(LocalContainerEntityManagerFactoryBean.java:390)
	at org.springframework.orm.jpa.AbstractEntityManagerFactoryBean.buildNativeEntityManagerFactory(AbstractEntityManagerFactoryBean.java:409)
	... 19 common frames omitted
Caused by: java.sql.SQLNonTransientConnectionException: Socket fail to connect to host:address=(host=localhost)(port=3306)(type=primary). Connection refused: getsockopt
	at org.mariadb.jdbc.client.impl.ConnectionHelper.connectSocket(ConnectionHelper.java:140)
	at org.mariadb.jdbc.client.impl.StandardClient.<init>(StandardClient.java:102)
	at org.mariadb.jdbc.Driver.connect(Driver.java:69)
	at org.mariadb.jdbc.Driver.connect(Driver.java:95)
	at org.mariadb.jdbc.Driver.connect(Driver.java:26)
	at com.zaxxer.hikari.util.DriverDataSource.getConnection(DriverDataSource.java:137)
	at com.zaxxer.hikari.pool.PoolBase.newConnection(PoolBase.java:360)
	at com.zaxxer.hikari.pool.PoolBase.newPoolEntry(PoolBase.java:202)
	at com.zaxxer.hikari.pool.HikariPool.createPoolEntry(HikariPool.java:461)
	at com.zaxxer.hikari.pool.HikariPool.checkFailFast(HikariPool.java:550)
	at com.zaxxer.hikari.pool.HikariPool.<init>(HikariPool.java:98)
	at com.zaxxer.hikari.HikariDataSource.getConnection(HikariDataSource.java:111)
	at org.hibernate.engine.jdbc.connections.internal.DatasourceConnectionProviderImpl.getConnection(DatasourceConnectionProviderImpl.java:122)
	at org.hibernate.engine.jdbc.env.internal.JdbcEnvironmentInitiator$ConnectionProviderJdbcConnectionAccess.obtainConnection(JdbcEnvironmentInitiator.java:437)
	at org.hibernate.resource.transaction.backend.jdbc.internal.DdlTransactionIsolatorNonJtaImpl.getIsolatedConnection(DdlTransactionIsolatorNonJtaImpl.java:46)
	... 39 common frames omitted
Caused by: java.net.ConnectException: Connection refused: getsockopt
	at java.base/sun.nio.ch.Net.pollConnect(Native Method)
	at java.base/sun.nio.ch.Net.pollConnectNow(Net.java:682)
	at java.base/sun.nio.ch.NioSocketImpl.timedFinishConnect(NioSocketImpl.java:542)
	at java.base/sun.nio.ch.NioSocketImpl.connect(NioSocketImpl.java:592)
	at java.base/java.net.SocksSocketImpl.connect(SocksSocketImpl.java:327)
	at java.base/java.net.Socket.connect(Socket.java:760)
	at org.mariadb.jdbc.client.impl.ConnectionHelper.connectSocket(ConnectionHelper.java:134)
	... 53 common frames omitted
2026-02-09 23:42:22.323 [background-preinit] INFO  o.h.validator.internal.util.Version - HV000001: Hibernate Validator 8.0.1.Final
2026-02-09 23:42:22.356 [main] INFO  com.svalero.rutea.RuteaApplication - Starting RuteaApplication using Java 23 with PID 25856 (C:\Proyects\rutea\target\classes started by borzg in C:\Proyects\rutea)
2026-02-09 23:42:22.357 [main] DEBUG com.svalero.rutea.RuteaApplication - Running with Spring Boot v3.3.3, Spring v6.1.12
2026-02-09 23:42:22.357 [main] INFO  com.svalero.rutea.RuteaApplication - No active profile set, falling back to 1 default profile: "default"
2026-02-09 23:42:22.949 [main] INFO  o.s.d.r.c.RepositoryConfigurationDelegate - Bootstrapping Spring Data JPA repositories in DEFAULT mode.
2026-02-09 23:42:22.993 [main] INFO  o.s.d.r.c.RepositoryConfigurationDelegate - Finished Spring Data repository scanning in 37 ms. Found 5 JPA repository interfaces.
2026-02-09 23:42:23.362 [main] INFO  o.s.b.w.e.tomcat.TomcatWebServer - Tomcat initialized with port 8080 (http)
2026-02-09 23:42:23.372 [main] INFO  o.a.coyote.http11.Http11NioProtocol - Initializing ProtocolHandler ["http-nio-8080"]
2026-02-09 23:42:23.375 [main] INFO  o.a.catalina.core.StandardService - Starting service [Tomcat]
2026-02-09 23:42:23.375 [main] INFO  o.a.catalina.core.StandardEngine - Starting Servlet engine: [Apache Tomcat/10.1.28]
2026-02-09 23:42:23.429 [main] INFO  o.a.c.c.C.[Tomcat].[localhost].[/] - Initializing Spring embedded WebApplicationContext
2026-02-09 23:42:23.429 [main] INFO  o.s.b.w.s.c.ServletWebServerApplicationContext - Root WebApplicationContext: initialization completed in 1032 ms
2026-02-09 23:42:23.542 [main] INFO  o.h.jpa.internal.util.LogHelper - HHH000204: Processing PersistenceUnitInfo [name: default]
2026-02-09 23:42:23.604 [main] INFO  org.hibernate.Version - HHH000412: Hibernate ORM core version 6.5.2.Final
2026-02-09 23:42:23.635 [main] INFO  o.h.c.i.RegionFactoryInitiator - HHH000026: Second-level cache disabled
2026-02-09 23:42:23.910 [main] INFO  o.s.o.j.p.SpringPersistenceUnitInfo - No LoadTimeWeaver setup: ignoring JPA class transformer
2026-02-09 23:42:23.937 [main] INFO  com.zaxxer.hikari.HikariDataSource - HikariPool-1 - Starting...
2026-02-09 23:42:24.035 [main] INFO  com.zaxxer.hikari.pool.HikariPool - HikariPool-1 - Added connection org.mariadb.jdbc.Connection@cdbe995
2026-02-09 23:42:24.037 [main] INFO  com.zaxxer.hikari.HikariDataSource - HikariPool-1 - Start completed.
2026-02-09 23:42:24.066 [main] WARN  org.hibernate.orm.deprecation - HHH90000025: MariaDBDialect does not need to be specified explicitly using 'hibernate.dialect' (remove the property setting and it will be selected by default)
2026-02-09 23:42:25.058 [main] INFO  o.h.e.t.j.p.i.JtaPlatformInitiator - HHH000489: No JTA platform available (set 'hibernate.transaction.jta.platform' to enable JTA platform integration)
2026-02-09 23:42:25.129 [main] INFO  o.s.o.j.LocalContainerEntityManagerFactoryBean - Initialized JPA EntityManagerFactory for persistence unit 'default'
2026-02-09 23:42:25.627 [main] WARN  o.s.b.a.o.j.JpaBaseConfiguration$JpaWebConfiguration - spring.jpa.open-in-view is enabled by default. Therefore, database queries may be performed during view rendering. Explicitly configure spring.jpa.open-in-view to disable this warning
2026-02-09 23:42:25.731 [main] DEBUG o.s.w.s.m.m.a.RequestMappingHandlerMapping - 33 mappings in 'requestMappingHandlerMapping'
2026-02-09 23:42:25.794 [main] DEBUG o.s.w.s.h.SimpleUrlHandlerMapping - Patterns [/webjars/**, /**, /swagger-ui*/*swagger-initializer.js, /swagger-ui*/**] in 'resourceHandlerMapping'
2026-02-09 23:42:25.832 [main] DEBUG o.s.w.s.m.m.a.RequestMappingHandlerAdapter - ControllerAdvice beans: 0 @ModelAttribute, 0 @InitBinder, 1 RequestBodyAdvice, 1 ResponseBodyAdvice
2026-02-09 23:42:25.867 [main] DEBUG o.s.w.s.m.m.a.ExceptionHandlerExceptionResolver - ControllerAdvice beans: 2 @ExceptionHandler, 1 ResponseBodyAdvice
2026-02-09 23:42:25.999 [main] INFO  o.a.coyote.http11.Http11NioProtocol - Starting ProtocolHandler ["http-nio-8080"]
2026-02-09 23:42:26.013 [main] INFO  o.s.b.w.e.tomcat.TomcatWebServer - Tomcat started on port 8080 (http) with context path '/'
2026-02-09 23:42:26.019 [main] INFO  com.svalero.rutea.RuteaApplication - Started RuteaApplication in 4.118 seconds (process running for 4.778)
2026-02-09 23:42:49.276 [http-nio-8080-exec-2] INFO  o.a.c.c.C.[Tomcat].[localhost].[/] - Initializing Spring DispatcherServlet 'dispatcherServlet'
2026-02-09 23:42:49.276 [http-nio-8080-exec-2] INFO  o.s.web.servlet.DispatcherServlet - Initializing Servlet 'dispatcherServlet'
2026-02-09 23:42:49.276 [http-nio-8080-exec-2] DEBUG o.s.web.servlet.DispatcherServlet - Detected StandardServletMultipartResolver
2026-02-09 23:42:49.276 [http-nio-8080-exec-2] DEBUG o.s.web.servlet.DispatcherServlet - Detected AcceptHeaderLocaleResolver
2026-02-09 23:42:49.276 [http-nio-8080-exec-2] DEBUG o.s.web.servlet.DispatcherServlet - Detected FixedThemeResolver
2026-02-09 23:42:49.277 [http-nio-8080-exec-2] DEBUG o.s.web.servlet.DispatcherServlet - Detected org.springframework.web.servlet.view.DefaultRequestToViewNameTranslator@2f541f60
2026-02-09 23:42:49.277 [http-nio-8080-exec-2] DEBUG o.s.web.servlet.DispatcherServlet - Detected org.springframework.web.servlet.support.SessionFlashMapManager@df5f657
2026-02-09 23:42:49.277 [http-nio-8080-exec-2] DEBUG o.s.web.servlet.DispatcherServlet - enableLoggingRequestDetails='false': request parameters and headers will be masked to prevent unsafe logging of potentially sensitive data
2026-02-09 23:42:49.277 [http-nio-8080-exec-2] INFO  o.s.web.servlet.DispatcherServlet - Completed initialization in 1 ms
2026-02-09 23:42:49.283 [http-nio-8080-exec-2] DEBUG o.s.web.servlet.DispatcherServlet - GET "/puntos", parameters={}
2026-02-09 23:42:49.295 [http-nio-8080-exec-2] DEBUG o.s.w.s.m.m.a.RequestMappingHandlerMapping - Mapped to com.svalero.rutea.controller.PuntoInteresController#getAll(Long, Boolean, Boolean, String, Float)
2026-02-09 23:42:49.314 [http-nio-8080-exec-2] DEBUG c.s.r.c.PuntoInteresController - GET: /puntos - Filtros aplicados
2026-02-09 23:42:49.314 [http-nio-8080-exec-2] DEBUG c.s.r.service.PuntoInteresService - Buscando puntos de interés con filtros: categoriaId=null, abiertoActualmente=null, nombre=, puntuacionMedia=null
2026-02-09 23:42:49.465 [http-nio-8080-exec-2] INFO  c.s.r.service.PuntoInteresService - Se encontraron 1 puntos de interés
2026-02-09 23:42:49.510 [http-nio-8080-exec-2] DEBUG o.s.w.s.m.m.a.HttpEntityMethodProcessor - Using 'application/json', given [*/*] and supported [application/json, application/*+json]
2026-02-09 23:42:49.515 [http-nio-8080-exec-2] DEBUG o.s.w.s.m.m.a.HttpEntityMethodProcessor - Writing [[PuntoInteresOutDto(id=1, abiertoActualmente=true, fechaCreacion=null, latitud=41.633056, longitud=0 (truncated)...]
2026-02-09 23:42:49.562 [http-nio-8080-exec-2] DEBUG o.s.web.servlet.DispatcherServlet - Completed 200 OK
2026-02-09 23:44:09.906 [http-nio-8080-exec-4] DEBUG o.s.web.servlet.DispatcherServlet - DELETE "/puntos/1", parameters={}
2026-02-09 23:44:09.906 [http-nio-8080-exec-4] DEBUG o.s.w.s.m.m.a.RequestMappingHandlerMapping - Mapped to com.svalero.rutea.controller.PuntoInteresController#delete(long)
2026-02-09 23:44:09.909 [http-nio-8080-exec-4] DEBUG c.s.r.c.PuntoInteresController - DELETE: /puntos/1
2026-02-09 23:44:09.909 [http-nio-8080-exec-4] INFO  c.s.r.service.PuntoInteresService - Eliminando punto de interés ID: 1
2026-02-09 23:44:09.948 [http-nio-8080-exec-4] INFO  c.s.r.service.PuntoInteresService - Punto de interés eliminado exitosamente: ID 1
2026-02-09 23:44:09.949 [http-nio-8080-exec-4] DEBUG o.s.w.s.m.m.a.HttpEntityMethodProcessor - Using 'application/json', given [*/*] and supported [application/json, application/*+json]
2026-02-09 23:44:09.949 [http-nio-8080-exec-4] DEBUG o.s.w.s.m.m.a.HttpEntityMethodProcessor - Nothing to write: null body
2026-02-09 23:44:09.949 [http-nio-8080-exec-4] DEBUG o.s.web.servlet.DispatcherServlet - Completed 204 NO_CONTENT
2026-02-09 23:44:17.816 [http-nio-8080-exec-6] DEBUG o.s.web.servlet.DispatcherServlet - GET "/puntos", parameters={}
2026-02-09 23:44:17.817 [http-nio-8080-exec-6] DEBUG o.s.w.s.m.m.a.RequestMappingHandlerMapping - Mapped to com.svalero.rutea.controller.PuntoInteresController#getAll(Long, Boolean, Boolean, String, Float)
2026-02-09 23:44:17.817 [http-nio-8080-exec-6] DEBUG c.s.r.c.PuntoInteresController - GET: /puntos - Filtros aplicados
2026-02-09 23:44:17.817 [http-nio-8080-exec-6] DEBUG c.s.r.service.PuntoInteresService - Buscando puntos de interés con filtros: categoriaId=null, abiertoActualmente=null, nombre=, puntuacionMedia=null
2026-02-09 23:44:17.824 [http-nio-8080-exec-6] INFO  c.s.r.service.PuntoInteresService - Se encontraron 0 puntos de interés
2026-02-09 23:44:17.824 [http-nio-8080-exec-6] DEBUG o.s.w.s.m.m.a.HttpEntityMethodProcessor - Using 'application/json', given [*/*] and supported [application/json, application/*+json]
2026-02-09 23:44:17.825 [http-nio-8080-exec-6] DEBUG o.s.w.s.m.m.a.HttpEntityMethodProcessor - Writing [[]]
2026-02-09 23:44:17.825 [http-nio-8080-exec-6] DEBUG o.s.web.servlet.DispatcherServlet - Completed 200 OK
2026-02-09 23:44:54.340 [http-nio-8080-exec-7] DEBUG o.s.web.servlet.DispatcherServlet - DELETE "/puntos/1", parameters={}
2026-02-09 23:44:54.340 [http-nio-8080-exec-7] DEBUG o.s.w.s.m.m.a.RequestMappingHandlerMapping - Mapped to com.svalero.rutea.controller.PuntoInteresController#delete(long)
2026-02-09 23:44:54.341 [http-nio-8080-exec-7] DEBUG c.s.r.c.PuntoInteresController - DELETE: /puntos/1
2026-02-09 23:44:54.341 [http-nio-8080-exec-7] INFO  c.s.r.service.PuntoInteresService - Eliminando punto de interés ID: 1
2026-02-09 23:44:54.347 [http-nio-8080-exec-7] ERROR c.s.r.service.PuntoInteresService - Punto de interés no encontrado para eliminación: ID 1
2026-02-09 23:44:54.348 [http-nio-8080-exec-7] DEBUG o.s.w.s.m.m.a.ExceptionHandlerExceptionResolver - Using @ExceptionHandler com.svalero.rutea.controller.PuntoInteresController#handleException(PuntoInteresNotFoundException)
2026-02-09 23:44:54.348 [http-nio-8080-exec-7] WARN  c.s.r.c.PuntoInteresController - Punto de interés no encontrado: null
2026-02-09 23:44:54.352 [http-nio-8080-exec-7] DEBUG o.s.w.s.m.m.a.HttpEntityMethodProcessor - Using 'application/json', given [*/*] and supported [application/json, application/*+json]
2026-02-09 23:44:54.354 [http-nio-8080-exec-7] DEBUG o.s.w.s.m.m.a.HttpEntityMethodProcessor - Writing [ErrorResponse(code=404, title=not-found, message=El punto de interés no existe, errors={})]
2026-02-09 23:44:54.359 [http-nio-8080-exec-7] DEBUG o.s.w.s.m.m.a.ExceptionHandlerExceptionResolver - Resolved [com.svalero.rutea.exception.PuntoInteresNotFoundException]
2026-02-09 23:44:54.359 [http-nio-8080-exec-7] DEBUG o.s.web.servlet.DispatcherServlet - Completed 404 NOT_FOUND
2026-02-09 23:44:58.597 [http-nio-8080-exec-8] DEBUG o.s.web.servlet.DispatcherServlet - GET "/puntos", parameters={}
2026-02-09 23:44:58.598 [http-nio-8080-exec-8] DEBUG o.s.w.s.m.m.a.RequestMappingHandlerMapping - Mapped to com.svalero.rutea.controller.PuntoInteresController#getAll(Long, Boolean, Boolean, String, Float)
2026-02-09 23:44:58.598 [http-nio-8080-exec-8] DEBUG c.s.r.c.PuntoInteresController - GET: /puntos - Filtros aplicados
2026-02-09 23:44:58.598 [http-nio-8080-exec-8] DEBUG c.s.r.service.PuntoInteresService - Buscando puntos de interés con filtros: categoriaId=null, abiertoActualmente=null, nombre=, puntuacionMedia=null
2026-02-09 23:44:58.607 [http-nio-8080-exec-8] INFO  c.s.r.service.PuntoInteresService - Se encontraron 0 puntos de interés
2026-02-09 23:44:58.607 [http-nio-8080-exec-8] DEBUG o.s.w.s.m.m.a.HttpEntityMethodProcessor - Using 'application/json', given [*/*] and supported [application/json, application/*+json]
2026-02-09 23:44:58.608 [http-nio-8080-exec-8] DEBUG o.s.w.s.m.m.a.HttpEntityMethodProcessor - Writing [[]]
2026-02-09 23:44:58.608 [http-nio-8080-exec-8] DEBUG o.s.web.servlet.DispatcherServlet - Completed 200 OK
2026-02-09 23:45:06.568 [http-nio-8080-exec-5] DEBUG o.s.web.servlet.DispatcherServlet - POST "/puntos", parameters={}
2026-02-09 23:45:06.568 [http-nio-8080-exec-5] DEBUG o.s.w.s.m.m.a.RequestMappingHandlerMapping - Mapped to com.svalero.rutea.controller.PuntoInteresController#add(PuntoInteresInDto)
2026-02-09 23:45:06.608 [http-nio-8080-exec-5] DEBUG o.s.w.s.m.m.a.RequestResponseBodyMethodProcessor - Read "application/json;charset=UTF-8" to [PuntoInteresInDto(abiertoActualmente=true, fechaCreacion=2026-02-03T10:00, latitud=41.6488, longitud (truncated)...]
2026-02-09 23:45:06.627 [http-nio-8080-exec-5] DEBUG c.s.r.c.PuntoInteresController - POST: /puntos/ - Mirador del Ebro
2026-02-09 23:45:06.627 [http-nio-8080-exec-5] INFO  c.s.r.service.PuntoInteresService - Creando nuevo punto de interés: Mirador del Ebro
2026-02-09 23:45:06.655 [http-nio-8080-exec-5] INFO  c.s.r.service.PuntoInteresService - Punto de interés creado exitosamente con ID: 2
2026-02-09 23:45:06.656 [http-nio-8080-exec-5] DEBUG o.s.w.s.m.m.a.HttpEntityMethodProcessor - Using 'application/json', given [*/*] and supported [application/json, application/*+json]
2026-02-09 23:45:06.657 [http-nio-8080-exec-5] DEBUG o.s.w.s.m.m.a.HttpEntityMethodProcessor - Writing [PuntoInteresOutDto(id=2, abiertoActualmente=true, fechaCreacion=2026-02-03T10:00, latitud=41.6488, l (truncated)...]
2026-02-09 23:45:06.658 [http-nio-8080-exec-5] DEBUG o.s.web.servlet.DispatcherServlet - Completed 201 CREATED
2026-02-09 23:45:11.691 [http-nio-8080-exec-10] DEBUG o.s.web.servlet.DispatcherServlet - GET "/puntos", parameters={}
2026-02-09 23:45:11.691 [http-nio-8080-exec-10] DEBUG o.s.w.s.m.m.a.RequestMappingHandlerMapping - Mapped to com.svalero.rutea.controller.PuntoInteresController#getAll(Long, Boolean, Boolean, String, Float)
2026-02-09 23:45:11.692 [http-nio-8080-exec-10] DEBUG c.s.r.c.PuntoInteresController - GET: /puntos - Filtros aplicados
2026-02-09 23:45:11.692 [http-nio-8080-exec-10] DEBUG c.s.r.service.PuntoInteresService - Buscando puntos de interés con filtros: categoriaId=null, abiertoActualmente=null, nombre=, puntuacionMedia=null
2026-02-09 23:45:11.699 [http-nio-8080-exec-10] INFO  c.s.r.service.PuntoInteresService - Se encontraron 1 puntos de interés
2026-02-09 23:45:11.700 [http-nio-8080-exec-10] DEBUG o.s.w.s.m.m.a.HttpEntityMethodProcessor - Using 'application/json', given [*/*] and supported [application/json, application/*+json]
2026-02-09 23:45:11.700 [http-nio-8080-exec-10] DEBUG o.s.w.s.m.m.a.HttpEntityMethodProcessor - Writing [[PuntoInteresOutDto(id=2, abiertoActualmente=true, fechaCreacion=2026-02-03T10:00, latitud=41.6488,  (truncated)...]
2026-02-09 23:45:11.701 [http-nio-8080-exec-10] DEBUG o.s.web.servlet.DispatcherServlet - Completed 200 OK
2026-02-09 23:45:31.031 [http-nio-8080-exec-1] DEBUG o.s.web.servlet.DispatcherServlet - DELETE "/puntos/1", parameters={}
2026-02-09 23:45:31.032 [http-nio-8080-exec-1] DEBUG o.s.w.s.m.m.a.RequestMappingHandlerMapping - Mapped to com.svalero.rutea.controller.PuntoInteresController#delete(long)
2026-02-09 23:45:31.032 [http-nio-8080-exec-1] DEBUG c.s.r.c.PuntoInteresController - DELETE: /puntos/1
2026-02-09 23:45:31.032 [http-nio-8080-exec-1] INFO  c.s.r.service.PuntoInteresService - Eliminando punto de interés ID: 1
2026-02-09 23:45:31.039 [http-nio-8080-exec-1] ERROR c.s.r.service.PuntoInteresService - Punto de interés no encontrado para eliminación: ID 1
2026-02-09 23:45:31.040 [http-nio-8080-exec-1] DEBUG o.s.w.s.m.m.a.ExceptionHandlerExceptionResolver - Using @ExceptionHandler com.svalero.rutea.controller.PuntoInteresController#handleException(PuntoInteresNotFoundException)
2026-02-09 23:45:31.040 [http-nio-8080-exec-1] WARN  c.s.r.c.PuntoInteresController - Punto de interés no encontrado: null
2026-02-09 23:45:31.040 [http-nio-8080-exec-1] DEBUG o.s.w.s.m.m.a.HttpEntityMethodProcessor - Using 'application/json', given [*/*] and supported [application/json, application/*+json]
2026-02-09 23:45:31.040 [http-nio-8080-exec-1] DEBUG o.s.w.s.m.m.a.HttpEntityMethodProcessor - Writing [ErrorResponse(code=404, title=not-found, message=El punto de interés no existe, errors={})]
2026-02-09 23:45:31.040 [http-nio-8080-exec-1] DEBUG o.s.w.s.m.m.a.ExceptionHandlerExceptionResolver - Resolved [com.svalero.rutea.exception.PuntoInteresNotFoundException]
2026-02-09 23:45:31.041 [http-nio-8080-exec-1] DEBUG o.s.web.servlet.DispatcherServlet - Completed 404 NOT_FOUND
2026-02-09 23:45:42.340 [http-nio-8080-exec-2] DEBUG o.s.web.servlet.DispatcherServlet - DELETE "/puntos/2", parameters={}
2026-02-09 23:45:42.340 [http-nio-8080-exec-2] DEBUG o.s.w.s.m.m.a.RequestMappingHandlerMapping - Mapped to com.svalero.rutea.controller.PuntoInteresController#delete(long)
2026-02-09 23:45:42.341 [http-nio-8080-exec-2] DEBUG c.s.r.c.PuntoInteresController - DELETE: /puntos/2
2026-02-09 23:45:42.341 [http-nio-8080-exec-2] INFO  c.s.r.service.PuntoInteresService - Eliminando punto de interés ID: 2
2026-02-09 23:45:42.355 [http-nio-8080-exec-2] INFO  c.s.r.service.PuntoInteresService - Punto de interés eliminado exitosamente: ID 2
2026-02-09 23:45:42.356 [http-nio-8080-exec-2] DEBUG o.s.w.s.m.m.a.HttpEntityMethodProcessor - Using 'application/json', given [*/*] and supported [application/json, application/*+json]
2026-02-09 23:45:42.356 [http-nio-8080-exec-2] DEBUG o.s.w.s.m.m.a.HttpEntityMethodProcessor - Nothing to write: null body
2026-02-09 23:45:42.356 [http-nio-8080-exec-2] DEBUG o.s.web.servlet.DispatcherServlet - Completed 204 NO_CONTENT
2026-02-09 23:45:48.081 [http-nio-8080-exec-3] DEBUG o.s.web.servlet.DispatcherServlet - GET "/puntos", parameters={}
2026-02-09 23:45:48.082 [http-nio-8080-exec-3] DEBUG o.s.w.s.m.m.a.RequestMappingHandlerMapping - Mapped to com.svalero.rutea.controller.PuntoInteresController#getAll(Long, Boolean, Boolean, String, Float)
2026-02-09 23:45:48.082 [http-nio-8080-exec-3] DEBUG c.s.r.c.PuntoInteresController - GET: /puntos - Filtros aplicados
2026-02-09 23:45:48.082 [http-nio-8080-exec-3] DEBUG c.s.r.service.PuntoInteresService - Buscando puntos de interés con filtros: categoriaId=null, abiertoActualmente=null, nombre=, puntuacionMedia=null
2026-02-09 23:45:48.088 [http-nio-8080-exec-3] INFO  c.s.r.service.PuntoInteresService - Se encontraron 0 puntos de interés
2026-02-09 23:45:48.089 [http-nio-8080-exec-3] DEBUG o.s.w.s.m.m.a.HttpEntityMethodProcessor - Using 'application/json', given [*/*] and supported [application/json, application/*+json]
2026-02-09 23:45:48.089 [http-nio-8080-exec-3] DEBUG o.s.w.s.m.m.a.HttpEntityMethodProcessor - Writing [[]]
2026-02-09 23:45:48.089 [http-nio-8080-exec-3] DEBUG o.s.web.servlet.DispatcherServlet - Completed 200 OK
2026-02-09 23:48:10.615 [http-nio-8080-exec-6] DEBUG o.s.web.servlet.DispatcherServlet - GET "/categorias", parameters={}
2026-02-09 23:48:10.615 [http-nio-8080-exec-6] DEBUG o.s.w.s.m.m.a.RequestMappingHandlerMapping - Mapped to com.svalero.rutea.controller.CategoriaController#getAll(Boolean, String, Integer)
2026-02-09 23:48:10.616 [http-nio-8080-exec-6] DEBUG c.s.r.controller.CategoriaController - GET /categorias - Filtros: activa=null, nombre=null, ordenPrioridad=null
2026-02-09 23:48:10.617 [http-nio-8080-exec-6] DEBUG c.s.rutea.service.CategoriaService - Buscando categorías con filtros: activa=null, nombre=null, ordenPrioridad=null
2026-02-09 23:48:10.652 [http-nio-8080-exec-6] INFO  c.s.rutea.service.CategoriaService - Se encontraron 2 categorías
2026-02-09 23:48:10.655 [http-nio-8080-exec-6] DEBUG o.s.w.s.m.m.a.HttpEntityMethodProcessor - Using 'application/json', given [*/*] and supported [application/json, application/*+json]
2026-02-09 23:48:10.658 [http-nio-8080-exec-6] DEBUG o.s.w.s.m.m.a.HttpEntityMethodProcessor - Writing [[CategoriaOutDto(id=1, activa=true, costePromedio=10.0, descripcion=Ruta por la Ciudad, iconoUrl=htt (truncated)...]
2026-02-09 23:48:10.660 [http-nio-8080-exec-6] DEBUG o.s.web.servlet.DispatcherServlet - Completed 200 OK
2026-02-09 23:48:48.422 [http-nio-8080-exec-7] DEBUG o.s.web.servlet.DispatcherServlet - GET "/puntos", parameters={}
2026-02-09 23:48:48.422 [http-nio-8080-exec-7] DEBUG o.s.w.s.m.m.a.RequestMappingHandlerMapping - Mapped to com.svalero.rutea.controller.PuntoInteresController#getAll(Long, Boolean, Boolean, String, Float)
2026-02-09 23:48:48.423 [http-nio-8080-exec-7] DEBUG c.s.r.c.PuntoInteresController - GET: /puntos - Filtros aplicados
2026-02-09 23:48:48.423 [http-nio-8080-exec-7] DEBUG c.s.r.service.PuntoInteresService - Buscando puntos de interés con filtros: categoriaId=null, abiertoActualmente=null, nombre=, puntuacionMedia=null
2026-02-09 23:48:48.428 [http-nio-8080-exec-7] INFO  c.s.r.service.PuntoInteresService - Se encontraron 0 puntos de interés
2026-02-09 23:48:48.429 [http-nio-8080-exec-7] DEBUG o.s.w.s.m.m.a.HttpEntityMethodProcessor - Using 'application/json', given [*/*] and supported [application/json, application/*+json]
2026-02-09 23:48:48.429 [http-nio-8080-exec-7] DEBUG o.s.w.s.m.m.a.HttpEntityMethodProcessor - Writing [[]]
2026-02-09 23:48:48.430 [http-nio-8080-exec-7] DEBUG o.s.web.servlet.DispatcherServlet - Completed 200 OK
2026-02-09 23:48:53.103 [http-nio-8080-exec-8] DEBUG o.s.web.servlet.DispatcherServlet - POST "/puntos", parameters={}
2026-02-09 23:48:53.103 [http-nio-8080-exec-8] DEBUG o.s.w.s.m.m.a.RequestMappingHandlerMapping - Mapped to com.svalero.rutea.controller.PuntoInteresController#add(PuntoInteresInDto)
2026-02-09 23:48:53.104 [http-nio-8080-exec-8] DEBUG o.s.w.s.m.m.a.RequestResponseBodyMethodProcessor - Read "application/json;charset=UTF-8" to [PuntoInteresInDto(abiertoActualmente=true, fechaCreacion=2026-02-03T10:00, latitud=41.6488, longitud (truncated)...]
2026-02-09 23:48:53.104 [http-nio-8080-exec-8] DEBUG c.s.r.c.PuntoInteresController - POST: /puntos/ - Mirador del Ebro
2026-02-09 23:48:53.104 [http-nio-8080-exec-8] INFO  c.s.r.service.PuntoInteresService - Creando nuevo punto de interés: Mirador del Ebro
2026-02-09 23:48:53.117 [http-nio-8080-exec-8] INFO  c.s.r.service.PuntoInteresService - Punto de interés creado exitosamente con ID: 3
2026-02-09 23:48:53.118 [http-nio-8080-exec-8] DEBUG o.s.w.s.m.m.a.HttpEntityMethodProcessor - Using 'application/json', given [*/*] and supported [application/json, application/*+json]
2026-02-09 23:48:53.118 [http-nio-8080-exec-8] DEBUG o.s.w.s.m.m.a.HttpEntityMethodProcessor - Writing [PuntoInteresOutDto(id=3, abiertoActualmente=true, fechaCreacion=2026-02-03T10:00, latitud=41.6488, l (truncated)...]
2026-02-09 23:48:53.119 [http-nio-8080-exec-8] DEBUG o.s.web.servlet.DispatcherServlet - Completed 201 CREATED
2026-02-09 23:49:26.722 [http-nio-8080-exec-5] DEBUG o.s.web.servlet.DispatcherServlet - PATCH "/puntos/3", parameters={}
2026-02-09 23:49:26.722 [http-nio-8080-exec-5] DEBUG o.s.w.s.m.m.a.RequestMappingHandlerMapping - Mapped to com.svalero.rutea.controller.PuntoInteresController#patch(long, Map)
2026-02-09 23:49:26.728 [http-nio-8080-exec-5] DEBUG o.s.w.s.m.m.a.RequestResponseBodyMethodProcessor - Read "application/json;charset=UTF-8" to [{abiertoActualmente=true, puntuacionMedia=5.5}]
2026-02-09 23:49:26.729 [http-nio-8080-exec-5] DEBUG c.s.r.c.PuntoInteresController - PATCH /puntos/3 - Campos: [abiertoActualmente, puntuacionMedia]
2026-02-09 23:49:26.729 [http-nio-8080-exec-5] INFO  c.s.r.service.PuntoInteresService - Aplicando PATCH a punto de interés ID: 3 con 2 campos
2026-02-09 23:49:26.729 [http-nio-8080-exec-5] DEBUG c.s.r.service.PuntoInteresService - Campos a actualizar: [abiertoActualmente, puntuacionMedia]
2026-02-09 23:49:26.736 [http-nio-8080-exec-5] DEBUG c.s.r.service.PuntoInteresService - Campo actualizado: abiertoActualmente = true
2026-02-09 23:49:26.736 [http-nio-8080-exec-5] DEBUG c.s.r.service.PuntoInteresService - Campo actualizado: puntuacionMedia = 5.5
2026-02-09 23:49:26.750 [http-nio-8080-exec-5] DEBUG o.s.w.s.m.m.a.ExceptionHandlerExceptionResolver - Using @ExceptionHandler com.svalero.rutea.exception.GlobalExceptionHandler#handleGeneric(Exception)
2026-02-09 23:49:26.751 [http-nio-8080-exec-5] DEBUG o.s.w.s.m.m.a.HttpEntityMethodProcessor - Using 'application/json', given [*/*] and supported [application/json, application/*+json]
2026-02-09 23:49:26.751 [http-nio-8080-exec-5] DEBUG o.s.w.s.m.m.a.HttpEntityMethodProcessor - Writing [ErrorResponse(code=500, title=internal-server-error, message=Unexpected error, errors={})]
2026-02-09 23:49:26.751 [http-nio-8080-exec-5] DEBUG o.s.w.s.m.m.a.ExceptionHandlerExceptionResolver - Resolved [org.springframework.transaction.TransactionSystemException: Could not commit JPA transaction]
2026-02-09 23:49:26.751 [http-nio-8080-exec-5] DEBUG o.s.web.servlet.DispatcherServlet - Completed 500 INTERNAL_SERVER_ERROR
2026-02-09 23:49:33.622 [http-nio-8080-exec-1] DEBUG o.s.web.servlet.DispatcherServlet - GET "/puntos", parameters={}
2026-02-09 23:49:33.622 [http-nio-8080-exec-1] DEBUG o.s.w.s.m.m.a.RequestMappingHandlerMapping - Mapped to com.svalero.rutea.controller.PuntoInteresController#getAll(Long, Boolean, Boolean, String, Float)
2026-02-09 23:49:33.623 [http-nio-8080-exec-1] DEBUG c.s.r.c.PuntoInteresController - GET: /puntos - Filtros aplicados
2026-02-09 23:49:33.623 [http-nio-8080-exec-1] DEBUG c.s.r.service.PuntoInteresService - Buscando puntos de interés con filtros: categoriaId=null, abiertoActualmente=null, nombre=, puntuacionMedia=null
2026-02-09 23:49:33.633 [http-nio-8080-exec-1] INFO  c.s.r.service.PuntoInteresService - Se encontraron 1 puntos de interés
2026-02-09 23:49:33.634 [http-nio-8080-exec-1] DEBUG o.s.w.s.m.m.a.HttpEntityMethodProcessor - Using 'application/json', given [*/*] and supported [application/json, application/*+json]
2026-02-09 23:49:33.634 [http-nio-8080-exec-1] DEBUG o.s.w.s.m.m.a.HttpEntityMethodProcessor - Writing [[PuntoInteresOutDto(id=3, abiertoActualmente=true, fechaCreacion=2026-02-03T10:00, latitud=41.6488,  (truncated)...]
2026-02-09 23:49:33.635 [http-nio-8080-exec-1] DEBUG o.s.web.servlet.DispatcherServlet - Completed 200 OK
2026-02-09 23:49:45.999 [http-nio-8080-exec-2] DEBUG o.s.web.servlet.DispatcherServlet - PATCH "/puntos/3", parameters={}
2026-02-09 23:49:46.000 [http-nio-8080-exec-2] DEBUG o.s.w.s.m.m.a.RequestMappingHandlerMapping - Mapped to com.svalero.rutea.controller.PuntoInteresController#patch(long, Map)
2026-02-09 23:49:46.000 [http-nio-8080-exec-2] DEBUG o.s.w.s.m.m.a.RequestResponseBodyMethodProcessor - Read "application/json;charset=UTF-8" to [{abiertoActualmente=false, puntuacionMedia=5.5}]
2026-02-09 23:49:46.001 [http-nio-8080-exec-2] DEBUG c.s.r.c.PuntoInteresController - PATCH /puntos/3 - Campos: [abiertoActualmente, puntuacionMedia]
2026-02-09 23:49:46.001 [http-nio-8080-exec-2] INFO  c.s.r.service.PuntoInteresService - Aplicando PATCH a punto de interés ID: 3 con 2 campos
2026-02-09 23:49:46.001 [http-nio-8080-exec-2] DEBUG c.s.r.service.PuntoInteresService - Campos a actualizar: [abiertoActualmente, puntuacionMedia]
2026-02-09 23:49:46.008 [http-nio-8080-exec-2] DEBUG c.s.r.service.PuntoInteresService - Campo actualizado: abiertoActualmente = false
2026-02-09 23:49:46.008 [http-nio-8080-exec-2] DEBUG c.s.r.service.PuntoInteresService - Campo actualizado: puntuacionMedia = 5.5
2026-02-09 23:49:46.010 [http-nio-8080-exec-2] DEBUG o.s.w.s.m.m.a.ExceptionHandlerExceptionResolver - Using @ExceptionHandler com.svalero.rutea.exception.GlobalExceptionHandler#handleGeneric(Exception)
2026-02-09 23:49:46.010 [http-nio-8080-exec-2] DEBUG o.s.w.s.m.m.a.HttpEntityMethodProcessor - Using 'application/json', given [*/*] and supported [application/json, application/*+json]
2026-02-09 23:49:46.010 [http-nio-8080-exec-2] DEBUG o.s.w.s.m.m.a.HttpEntityMethodProcessor - Writing [ErrorResponse(code=500, title=internal-server-error, message=Unexpected error, errors={})]
2026-02-09 23:49:46.011 [http-nio-8080-exec-2] DEBUG o.s.w.s.m.m.a.ExceptionHandlerExceptionResolver - Resolved [org.springframework.transaction.TransactionSystemException: Could not commit JPA transaction]
2026-02-09 23:49:46.011 [http-nio-8080-exec-2] DEBUG o.s.web.servlet.DispatcherServlet - Completed 500 INTERNAL_SERVER_ERROR
2026-02-09 23:52:53.769 [http-nio-8080-exec-9] DEBUG o.s.web.servlet.DispatcherServlet - PATCH "/categorias/1", parameters={}
2026-02-09 23:52:53.769 [http-nio-8080-exec-9] DEBUG o.s.w.s.m.m.a.RequestMappingHandlerMapping - Mapped to com.svalero.rutea.controller.CategoriaController#patch(long, Map)
2026-02-09 23:52:53.773 [http-nio-8080-exec-9] DEBUG o.s.web.method.HandlerMethod - Could not resolve parameter [1] in public org.springframework.http.ResponseEntity<com.svalero.rutea.dto.CategoriaOutDto> com.svalero.rutea.controller.CategoriaController.patch(long,java.util.Map<java.lang.String, java.lang.Object>) throws com.svalero.rutea.exception.CategoriaNotFoundException: Content-Type 'text/plain;charset=UTF-8' is not supported
2026-02-09 23:52:53.774 [http-nio-8080-exec-9] DEBUG o.s.w.s.m.m.a.ExceptionHandlerExceptionResolver - Using @ExceptionHandler com.svalero.rutea.exception.GlobalExceptionHandler#handleMediaType(HttpMediaTypeNotSupportedException)
2026-02-09 23:52:53.775 [http-nio-8080-exec-9] DEBUG o.s.w.s.m.m.a.HttpEntityMethodProcessor - Using 'application/json', given [*/*] and supported [application/json, application/*+json]
2026-02-09 23:52:53.775 [http-nio-8080-exec-9] DEBUG o.s.w.s.m.m.a.HttpEntityMethodProcessor - Writing [ErrorResponse(code=400, title=bad-request, message=Unsupported Content-Type, errors={})]
2026-02-09 23:52:53.776 [http-nio-8080-exec-9] DEBUG o.s.w.s.m.m.a.ExceptionHandlerExceptionResolver - Resolved [org.springframework.web.HttpMediaTypeNotSupportedException: Content-Type 'text/plain;charset=UTF-8' is not supported]
2026-02-09 23:52:53.776 [http-nio-8080-exec-9] DEBUG o.s.web.servlet.DispatcherServlet - Completed 400 BAD_REQUEST
2026-02-09 23:53:51.063 [SpringApplicationShutdownHook] INFO  o.s.o.j.LocalContainerEntityManagerFactoryBean - Closing JPA EntityManagerFactory for persistence unit 'default'
2026-02-09 23:53:51.064 [SpringApplicationShutdownHook] INFO  com.zaxxer.hikari.HikariDataSource - HikariPool-1 - Shutdown initiated...
2026-02-09 23:53:51.073 [SpringApplicationShutdownHook] INFO  com.zaxxer.hikari.HikariDataSource - HikariPool-1 - Shutdown completed.
